<?xml version="1.0" encoding="UTF-8"?>
<coverage generated="1558795288544" clover="3.2.0">
  <project timestamp="1558795288544" name="All files">
    <metrics statements="20" coveredstatements="19" conditionals="0" coveredconditionals="0" methods="6" coveredmethods="4" elements="26" coveredelements="23" complexity="0" loc="20" ncloc="20" packages="3" files="5" classes="5"/>
    <package name="lib.icon">
      <metrics statements="10" coveredstatements="10" conditionals="0" coveredconditionals="0" methods="1" coveredmethods="1"/>
      <file name="icon.tsx" path="/Users/apolodu/Documents/My_projects/Apolo-UI/lib/icon/icon.tsx">
        <metrics statements="10" coveredstatements="10" conditionals="0" coveredconditionals="0" methods="1" coveredmethods="1"/>
        <line num="1" count="1" type="stmt"/>
        <line num="4" count="1" type="stmt"/>
        <line num="7" count="1" type="stmt"/>
        <line num="9" count="1" type="stmt"/>
        <line num="15" count="1" type="stmt"/>
        <line num="17" count="2" type="stmt"/>
        <line num="18" count="2" type="stmt"/>
        <line num="19" count="2" type="stmt"/>
        <line num="21" count="2" type="stmt"/>
        <line num="31" count="1" type="stmt"/>
      </file>
    </package>
    <package name="lib.utils">
      <metrics statements="8" coveredstatements="7" conditionals="0" coveredconditionals="0" methods="5" coveredmethods="3"/>
      <file name="combineClassNames.tsx" path="/Users/apolodu/Documents/My_projects/Apolo-UI/lib/utils/combineClassNames.tsx">
        <metrics statements="3" coveredstatements="3" conditionals="0" coveredconditionals="0" methods="2" coveredmethods="2"/>
        <line num="2" count="18" type="stmt"/>
        <line num="3" count="10" type="stmt"/>
        <line num="6" count="2" type="stmt"/>
      </file>
      <file name="importAllSvg.ts" path="/Users/apolodu/Documents/My_projects/Apolo-UI/lib/utils/importAllSvg.ts">
        <metrics statements="5" coveredstatements="4" conditionals="0" coveredconditionals="0" methods="3" coveredmethods="1"/>
        <line num="14" count="1" type="stmt"/>
        <line num="16" count="0" type="stmt"/>
        <line num="20" count="1" type="stmt"/>
        <line num="26" count="1" type="stmt"/>
        <line num="27" count="1" type="stmt"/>
      </file>
    </package>
    <package name="tests.mocks">
      <metrics statements="2" coveredstatements="2" conditionals="0" coveredconditionals="0" methods="0" coveredmethods="0"/>
      <file name="fileMock.js" path="/Users/apolodu/Documents/My_projects/Apolo-UI/tests/mocks/fileMock.js">
        <metrics statements="1" coveredstatements="1" conditionals="0" coveredconditionals="0" methods="0" coveredmethods="0"/>
        <line num="1" count="1" type="stmt"/>
      </file>
      <file name="objectMock.js" path="/Users/apolodu/Documents/My_projects/Apolo-UI/tests/mocks/objectMock.js">
        <metrics statements="1" coveredstatements="1" conditionals="0" coveredconditionals="0" methods="0" coveredmethods="0"/>
        <line num="1" count="2" type="stmt"/>
      </file>
    </package>
  </project>
</coverage>
