{"/Users/apolodu/Documents/My_projects/Apolo-UI/lib/icon/icon.tsx": {"path":"/Users/apolodu/Documents/My_projects/Apolo-UI/lib/icon/icon.tsx","statementMap":{"0":{"start":{"line":1,"column":0},"end":{"line":1,"column":26}},"1":{"start":{"line":4,"column":0},"end":{"line":4,"column":31}},"2":{"start":{"line":7,"column":0},"end":{"line":7,"column":21}},"3":{"start":{"line":9,"column":0},"end":{"line":9,"column":59}},"4":{"start":{"line":15,"column":30},"end":{"line":28,"column":1}},"5":{"start":{"line":17,"column":8},"end":{"line":17,"column":17}},"6":{"start":{"line":18,"column":8},"end":{"line":18,"column":12}},"7":{"start":{"line":19,"column":8},"end":{"line":19,"column":20}},"8":{"start":{"line":21,"column":4},"end":{"line":27,"column":6}},"9":{"start":{"line":31,"column":0},"end":{"line":31,"column":20}}},"fnMap":{"0":{"name":"(anonymous_4)","decl":{"start":{"line":15,"column":30},"end":{"line":15,"column":null}},"loc":{"start":{"line":20,"column":5},"end":{"line":28,"column":1}}}},"branchMap":{},"s":{"0":1,"1":1,"2":1,"3":1,"4":1,"5":2,"6":2,"7":2,"8":2,"9":1},"f":{"0":2},"b":{}}
,"/Users/apolodu/Documents/My_projects/Apolo-UI/lib/utils/combineClassNames.tsx": {"path":"/Users/apolodu/Documents/My_projects/Apolo-UI/lib/utils/combineClassNames.tsx","statementMap":{"0":{"start":{"line":2,"column":27},"end":{"line":2,"column":64}},"1":{"start":{"line":3,"column":4},"end":{"line":3,"column":47}},"2":{"start":{"line":3,"column":34},"end":{"line":3,"column":36}},"3":{"start":{"line":6,"column":0},"end":{"line":6,"column":33}}},"fnMap":{"0":{"name":"combineClassNames","decl":{"start":{"line":2,"column":9},"end":{"line":2,"column":26}},"loc":{"start":{"line":2,"column":26},"end":{"line":4,"column":1}}},"1":{"name":"(anonymous_1)","decl":{"start":{"line":3,"column":29},"end":{"line":3,"column":30}},"loc":{"start":{"line":3,"column":30},"end":{"line":3,"column":35}}}},"branchMap":{},"s":{"0":18,"1":4,"2":10,"3":2},"f":{"0":4,"1":10},"b":{}}
,"/Users/apolodu/Documents/My_projects/Apolo-UI/lib/utils/importAllSvg.ts": {"path":"/Users/apolodu/Documents/My_projects/Apolo-UI/lib/utils/importAllSvg.ts","statementMap":{"0":{"start":{"line":14,"column":15},"end":{"line":14,"column":84}},"1":{"start":{"line":14,"column":70},"end":{"line":17,"column":11}},"2":{"start":{"line":16,"column":12},"end":{"line":16,"column":31}},"3":{"start":{"line":20,"column":4},"end":{"line":20,"column":62}},"4":{"start":{"line":26,"column":0},"end":{"line":30,"column":null}},"5":{"start":{"line":27,"column":4},"end":{"line":27,"column":19}}},"fnMap":{"0":{"name":"importAllSvg","decl":{"start":{"line":12,"column":9},"end":{"line":12,"column":21}},"loc":{"start":{"line":12,"column":21},"end":{"line":22,"column":1}}},"1":{"name":"(anonymous_1)","decl":{"start":{"line":14,"column":15},"end":{"line":14,"column":16}},"loc":{"start":{"line":14,"column":65},"end":{"line":14,"column":84}}},"2":{"name":"(anonymous_2)","decl":{"start":{"line":15,"column":17},"end":{"line":15,"column":19}},"loc":{"start":{"line":15,"column":19},"end":{"line":17,"column":9}}}},"branchMap":{},"s":{"0":1,"1":0,"2":0,"3":1,"4":1,"5":1},"f":{"0":1,"1":0,"2":0},"b":{}}
,"/Users/apolodu/Documents/My_projects/Apolo-UI/tests/mocks/fileMock.js": {"path":"/Users/apolodu/Documents/My_projects/Apolo-UI/tests/mocks/fileMock.js","statementMap":{"0":{"start":{"line":1,"column":0},"end":{"line":1,"column":null}}},"fnMap":{},"branchMap":{},"s":{"0":1},"f":{},"b":{}}
,"/Users/apolodu/Documents/My_projects/Apolo-UI/tests/mocks/objectMock.js": {"path":"/Users/apolodu/Documents/My_projects/Apolo-UI/tests/mocks/objectMock.js","statementMap":{"0":{"start":{"line":1,"column":0},"end":{"line":1,"column":null}}},"fnMap":{},"branchMap":{},"s":{"0":2},"f":{},"b":{}}
}
