TN:
SF:/Users/apolodu/Documents/My_projects/Apolo-UI/lib/icon/icon.tsx
FN:15,(anonymous_4)
FNF:1
FNH:1
FNDA:2,(anonymous_4)
DA:1,1
DA:4,1
DA:7,1
DA:9,1
DA:15,1
DA:17,2
DA:18,2
DA:19,2
DA:21,2
DA:31,1
LF:10
LH:10
BRF:0
BRH:0
end_of_record
TN:
SF:/Users/apolodu/Documents/My_projects/Apolo-UI/lib/scroll/scroll.example.tsx
FN:9,(anonymous_2)
FNF:1
FNH:0
FNDA:0,(anonymous_2)
DA:1,0
DA:2,0
DA:9,0
DA:10,0
DA:39,0
LF:5
LH:0
BRF:0
BRH:0
end_of_record
TN:
SF:/Users/apolodu/Documents/My_projects/Apolo-UI/lib/scroll/scroll.tsx
FN:10,(anonymous_4)
FNF:1
FNH:0
FNDA:0,(anonymous_4)
DA:1,0
DA:10,0
DA:11,0
DA:12,0
DA:19,0
LF:5
LH:0
BRF:0
BRH:0
end_of_record
TN:
SF:/Users/apolodu/Documents/My_projects/Apolo-UI/lib/utils/combineClassNames.tsx
FN:2,combineClassNames
FN:3,(anonymous_1)
FNF:2
FNH:2
FNDA:4,combineClassNames
FNDA:10,(anonymous_1)
DA:2,18
DA:3,10
DA:6,2
LF:3
LH:3
BRF:0
BRH:0
end_of_record
